
2026-04-20 18:25:00,571 - WARNING - Falha ao carregar autenticação: User not authorized
2026-04-20 18:25:00,703 - WARNING - Falha ao carregar autenticação: User not authorized
2026-04-20 18:25:01,166 - INFO - Carregando shapefile: C:\02\Geo.shp
2026-04-20 18:25:09,009 - WARNING - Falha ao carregar autenticação: User not authorized
2026-04-20 18:25:11,407 - WARNING - Falha ao carregar autenticação: User not authorized
2026-04-20 18:25:13,703 - WARNING - Falha ao carregar autenticação: User not authorized
2026-04-20 18:25:16,690 - WARNING - Falha ao carregar autenticação: User not authorized
2026-04-20 18:25:18,868 - WARNING - Falha ao carregar autenticação: User not authorized
2026-04-20 18:25:19,106 - WARNING - Falha ao carregar autenticação: User not authorized
2026-04-20 18:25:19,592 - INFO - URLs de CSV carregadas de config_urls.py.
2026-04-20 18:25:19,829 - ERROR - Erro HTTP/rede ao buscar arquivo do ano 2026: 404 Client Error: Not Found for url: https://raw.githubusercontent.com/marcosjantsch/shapefile-viewer/main/DadosOnline/resumo_2026.csv
2026-04-20 18:25:27,107 - WARNING - Falha ao carregar autenticação: User not authorized
2026-04-20 18:25:27,511 - INFO - URLs de CSV carregadas de config_urls.py.
2026-04-20 18:25:34,685 - WARNING - Falha ao carregar autenticação: User not authorized
2026-04-20 18:25:35,143 - INFO - URLs de CSV carregadas de config_urls.py.
2026-04-20 18:33:39,196 - WARNING - Falha ao carregar autenticação: User not authorized
2026-04-20 18:33:39,295 - WARNING - Falha ao carregar autenticação: User not authorized
2026-04-20 18:34:18,948 - WARNING - Falha ao carregar autenticação: User not authorized
2026-04-20 18:34:19,024 - WARNING - Falha ao carregar autenticação: User not authorized
2026-04-20 18:34:28,600 - WARNING - Falha ao carregar autenticação: User not authorized
2026-04-20 18:34:40,148 - WARNING - Falha ao carregar autenticação: User not authorized
2026-04-20 18:34:40,482 - INFO - URLs de CSV carregadas de config_urls.py.
2026-04-20 18:34:49,957 - WARNING - Falha ao carregar autenticação: User not authorized
2026-04-20 18:34:50,283 - INFO - URLs de CSV carregadas de config_urls.py.
2026-04-20 18:58:31,230 - WARNING - Falha ao carregar autenticação: User not authorized
2026-04-20 18:58:31,373 - WARNING - Falha ao carregar autenticação: User not authorized
2026-04-20 18:58:31,668 - INFO - Carregando shapefile: C:\02\Geo.shp
2026-04-20 18:58:49,504 - WARNING - Falha ao carregar autenticação: User not authorized
2026-04-20 18:58:58,439 - WARNING - Falha ao carregar autenticação: User not authorized
2026-04-20 18:59:01,507 - WARNING - Falha ao carregar autenticação: User not authorized
2026-04-20 18:59:03,845 - WARNING - Falha ao carregar autenticação: User not authorized
2026-04-20 18:59:04,209 - INFO - URLs de CSV carregadas de config_urls.py.
2026-04-20 18:59:04,242 - INFO - Ano 2026: arquivo lido como CSV (encoding=utf-8, separador=';') com 1217 linhas.
2026-04-20 18:59:09,508 - WARNING - Falha ao carregar autenticação: User not authorized
2026-04-20 18:59:09,918 - INFO - URLs de CSV carregadas de config_urls.py.
2026-04-20 18:59:33,330 - WARNING - Falha ao carregar autenticação: User not authorized
2026-04-20 18:59:33,723 - INFO - URLs de CSV carregadas de config_urls.py.
2026-04-20 19:04:07,924 - WARNING - Falha ao carregar autenticação: User not authorized
2026-04-20 19:04:08,401 - INFO - URLs de CSV carregadas de config_urls.py.
2026-04-20 19:04:14,535 - WARNING - Falha ao carregar autenticação: User not authorized
2026-04-20 19:04:14,959 - INFO - URLs de CSV carregadas de config_urls.py.
2026-04-20 19:06:52,003 - WARNING - Falha ao carregar autenticação: User not authorized
2026-04-20 19:06:52,093 - WARNING - Falha ao carregar autenticação: User not authorized
2026-04-20 19:06:56,703 - WARNING - Falha ao carregar autenticação: User not authorized
2026-04-20 19:07:01,312 - WARNING - Falha ao carregar autenticação: User not authorized
2026-04-20 19:07:02,114 - WARNING - Falha ao carregar autenticação: User not authorized
2026-04-20 19:07:04,183 - INFO - URLs de CSV carregadas de config_urls.py.
2026-04-20 19:07:09,253 - WARNING - Falha ao carregar autenticação: User not authorized
2026-04-20 19:07:09,631 - INFO - URLs de CSV carregadas de config_urls.py.
2026-04-20 19:07:34,304 - WARNING - Falha ao carregar autenticação: User not authorized
2026-04-20 19:07:34,703 - INFO - URLs de CSV carregadas de config_urls.py.
2026-04-20 19:07:37,301 - WARNING - Falha ao carregar autenticação: User not authorized
2026-04-20 19:07:37,701 - INFO - URLs de CSV carregadas de config_urls.py.
2026-04-20 19:07:38,623 - WARNING - Falha ao carregar autenticação: User not authorized
2026-04-20 19:07:39,054 - INFO - URLs de CSV carregadas de config_urls.py.
2026-04-20 19:08:29,145 - WARNING - Falha ao carregar autenticação: User not authorized
2026-04-20 19:08:29,608 - INFO - URLs de CSV carregadas de config_urls.py.
2026-04-20 19:08:31,968 - WARNING - Falha ao carregar autenticação: User not authorized
2026-04-20 19:08:32,386 - INFO - URLs de CSV carregadas de config_urls.py.
2026-04-20 19:08:35,150 - WARNING - Falha ao carregar autenticação: User not authorized
2026-04-20 19:08:35,566 - INFO - URLs de CSV carregadas de config_urls.py.
2026-04-20 19:08:36,490 - WARNING - Falha ao carregar autenticação: User not authorized
2026-04-20 19:08:36,903 - INFO - URLs de CSV carregadas de config_urls.py.
2026-04-20 19:08:38,666 - WARNING - Falha ao carregar autenticação: User not authorized
2026-04-20 19:08:39,076 - INFO - URLs de CSV carregadas de config_urls.py.
2026-04-20 19:08:40,781 - WARNING - Falha ao carregar autenticação: User not authorized
2026-04-20 19:08:41,191 - INFO - URLs de CSV carregadas de config_urls.py.
2026-04-20 19:08:42,116 - WARNING - Falha ao carregar autenticação: User not authorized
2026-04-20 19:08:42,532 - INFO - URLs de CSV carregadas de config_urls.py.
2026-04-20 19:08:44,146 - WARNING - Falha ao carregar autenticação: User not authorized
2026-04-20 19:08:44,559 - INFO - URLs de CSV carregadas de config_urls.py.
2026-04-20 19:08:44,746 - WARNING - Falha ao carregar autenticação: User not authorized
2026-04-20 19:08:45,273 - INFO - URLs de CSV carregadas de config_urls.py.
2026-04-20 22:38:03,375 - WARNING - Falha ao carregar autenticação: User not authorized
2026-04-20 22:38:03,681 - WARNING - Falha ao carregar autenticação: User not authorized
2026-04-20 22:38:19,992 - WARNING - Falha ao carregar autenticação: User not authorized
2026-04-20 22:38:22,173 - WARNING - Falha ao carregar autenticação: User not authorized
2026-04-20 22:38:29,824 - WARNING - Falha ao carregar autenticação: User not authorized
2026-04-20 22:38:40,276 - WARNING - Falha ao carregar autenticação: User not authorized
2026-04-20 22:38:42,287 - WARNING - Falha ao carregar autenticação: User not authorized
2026-04-20 22:38:42,907 - INFO - URLs de CSV carregadas de config_urls.py.
2026-04-20 22:38:45,521 - WARNING - Falha ao carregar autenticação: User not authorized
2026-04-20 22:38:45,817 - WARNING - Falha ao carregar autenticação: User not authorized
2026-04-20 22:38:46,321 - INFO - URLs de CSV carregadas de config_urls.py.
2026-04-20 22:38:47,831 - WARNING - Falha ao carregar autenticação: User not authorized
2026-04-20 22:38:48,248 - INFO - URLs de CSV carregadas de config_urls.py.
2026-04-20 22:39:15,930 - WARNING - Falha ao carregar autenticação: User not authorized
2026-04-20 22:39:16,027 - WARNING - Falha ao carregar autenticação: User not authorized
2026-04-20 22:39:19,805 - WARNING - Falha ao carregar autenticação: User not authorized
2026-04-20 22:39:22,286 - WARNING - Falha ao carregar autenticação: User not authorized
2026-04-20 22:39:22,794 - INFO - URLs de CSV carregadas de config_urls.py.
2026-04-20 22:39:27,751 - WARNING - Falha ao carregar autenticação: User not authorized
2026-04-20 22:39:28,169 - INFO - URLs de CSV carregadas de config_urls.py.
2026-04-20 22:41:01,924 - WARNING - Falha ao carregar autenticação: User not authorized
2026-04-20 22:41:02,002 - WARNING - Falha ao carregar autenticação: User not authorized
2026-04-20 22:41:21,026 - WARNING - Falha ao carregar autenticação: User not authorized
2026-04-20 22:41:21,183 - WARNING - Falha ao carregar autenticação: User not authorized
2026-04-20 22:41:21,746 - INFO - Carregando shapefile: C:\02\Geo.shp
2026-04-20 22:41:30,960 - WARNING - Falha ao carregar autenticação: User not authorized
2026-04-20 22:41:34,113 - WARNING - Falha ao carregar autenticação: User not authorized
2026-04-20 22:41:34,564 - INFO - URLs de CSV carregadas de config_urls.py.
2026-04-20 22:41:34,606 - INFO - Ano 2026: arquivo lido como CSV (encoding=utf-8, separador=';') com 1217 linhas.
2026-04-20 22:41:40,506 - WARNING - Falha ao carregar autenticação: User not authorized
2026-04-20 22:41:40,918 - INFO - URLs de CSV carregadas de config_urls.py.
2026-04-20 22:43:54,666 - WARNING - Falha ao carregar autenticação: User not authorized
2026-04-20 22:43:54,757 - WARNING - Falha ao carregar autenticação: User not authorized
2026-04-20 22:44:00,546 - WARNING - Falha ao carregar autenticação: User not authorized
2026-04-20 22:44:02,974 - WARNING - Falha ao carregar autenticação: User not authorized
2026-04-20 22:44:03,379 - INFO - URLs de CSV carregadas de config_urls.py.
2026-04-20 22:44:08,480 - WARNING - Falha ao carregar autenticação: User not authorized
2026-04-20 22:44:08,903 - INFO - URLs de CSV carregadas de config_urls.py.
2026-04-20 22:45:07,675 - WARNING - Falha ao carregar autenticação: User not authorized
2026-04-20 22:45:07,773 - WARNING - Falha ao carregar autenticação: User not authorized
2026-04-20 22:45:12,263 - WARNING - Falha ao carregar autenticação: User not authorized
2026-04-20 22:45:14,729 - WARNING - Falha ao carregar autenticação: User not authorized
2026-04-20 22:45:16,670 - WARNING - Falha ao carregar autenticação: User not authorized
2026-04-20 22:45:17,360 - INFO - URLs de CSV carregadas de config_urls.py.
2026-04-20 22:45:21,819 - WARNING - Falha ao carregar autenticação: User not authorized
2026-04-20 22:45:22,231 - INFO - URLs de CSV carregadas de config_urls.py.
2026-04-20 22:45:43,514 - WARNING - Falha ao carregar autenticação: User not authorized
2026-04-20 22:45:43,613 - WARNING - Falha ao carregar autenticação: User not authorized
2026-04-20 22:45:44,015 - INFO - Carregando shapefile: C:\02\Geo.shp
2026-04-20 22:45:53,186 - WARNING - Falha ao carregar autenticação: User not authorized
2026-04-20 22:45:55,890 - WARNING - Falha ao carregar autenticação: User not authorized
2026-04-20 22:45:56,758 - INFO - URLs de CSV carregadas de config_urls.py.
2026-04-20 22:45:56,786 - INFO - Ano 2026: arquivo lido como CSV (encoding=utf-8, separador=';') com 1217 linhas.
2026-04-20 22:46:01,561 - WARNING - Falha ao carregar autenticação: User not authorized
2026-04-20 22:46:01,986 - INFO - URLs de CSV carregadas de config_urls.py.
2026-04-20 22:49:05,668 - WARNING - Falha ao carregar autenticação: User not authorized
2026-04-20 22:49:05,754 - WARNING - Falha ao carregar autenticação: User not authorized
2026-04-20 22:49:11,691 - WARNING - Falha ao carregar autenticação: User not authorized
2026-04-20 22:49:14,382 - WARNING - Falha ao carregar autenticação: User not authorized
2026-04-20 22:49:16,739 - WARNING - Falha ao carregar autenticação: User not authorized
2026-04-20 22:49:17,112 - INFO - URLs de CSV carregadas de config_urls.py.
2026-04-20 22:49:21,318 - WARNING - Falha ao carregar autenticação: User not authorized
2026-04-20 22:49:21,743 - INFO - URLs de CSV carregadas de config_urls.py.
2026-04-20 22:51:23,671 - WARNING - Falha ao carregar autenticação: User not authorized
2026-04-20 22:51:23,749 - WARNING - Falha ao carregar autenticação: User not authorized
2026-04-20 22:51:30,826 - WARNING - Falha ao carregar autenticação: User not authorized
2026-04-20 22:51:34,249 - WARNING - Falha ao carregar autenticação: User not authorized
2026-04-20 22:51:35,159 - INFO - URLs de CSV carregadas de config_urls.py.
2026-04-20 22:51:39,338 - WARNING - Falha ao carregar autenticação: User not authorized
2026-04-20 22:51:39,740 - INFO - URLs de CSV carregadas de config_urls.py.
2026-04-20 22:55:22,807 - WARNING - Falha ao carregar autenticação: User not authorized
2026-04-20 22:55:22,897 - WARNING - Falha ao carregar autenticação: User not authorized
2026-04-20 22:55:23,344 - INFO - Carregando shapefile: C:\02\Geo.shp
2026-04-20 22:55:30,903 - WARNING - Falha ao carregar autenticação: User not authorized
2026-04-20 22:55:35,127 - WARNING - Falha ao carregar autenticação: User not authorized
2026-04-20 22:55:35,855 - WARNING - Falha ao carregar autenticação: User not authorized
2026-04-20 22:55:37,822 - INFO - URLs de CSV carregadas de config_urls.py.
2026-04-20 22:55:37,848 - INFO - Ano 2026: arquivo lido como CSV (encoding=utf-8, separador=';') com 1217 linhas.
2026-04-20 22:55:42,278 - WARNING - Falha ao carregar autenticação: User not authorized
2026-04-20 22:55:42,694 - INFO - URLs de CSV carregadas de config_urls.py.
2026-04-20 22:56:00,136 - WARNING - Falha ao carregar autenticação: User not authorized
2026-04-20 22:56:00,552 - INFO - URLs de CSV carregadas de config_urls.py.
2026-04-20 22:56:02,298 - WARNING - Falha ao carregar autenticação: User not authorized
2026-04-20 22:56:02,685 - INFO - URLs de CSV carregadas de config_urls.py.
2026-04-20 22:56:03,835 - WARNING - Falha ao carregar autenticação: User not authorized
2026-04-20 22:56:04,260 - INFO - URLs de CSV carregadas de config_urls.py.
2026-04-20 22:58:28,518 - WARNING - Falha ao carregar autenticação: User not authorized
2026-04-20 22:58:28,968 - INFO - URLs de CSV carregadas de config_urls.py.
2026-04-20 22:58:31,175 - WARNING - Falha ao carregar autenticação: User not authorized
2026-04-20 22:58:31,592 - INFO - URLs de CSV carregadas de config_urls.py.
2026-04-20 22:58:33,674 - WARNING - Falha ao carregar autenticação: User not authorized
2026-04-20 22:58:34,069 - INFO - URLs de CSV carregadas de config_urls.py.
2026-04-20 22:58:44,871 - WARNING - Falha ao carregar autenticação: User not authorized
2026-04-20 22:58:45,265 - INFO - URLs de CSV carregadas de config_urls.py.
2026-04-20 22:58:47,113 - WARNING - Falha ao carregar autenticação: User not authorized
2026-04-20 22:58:47,478 - INFO - URLs de CSV carregadas de config_urls.py.
2026-04-20 22:58:48,269 - WARNING - Falha ao carregar autenticação: User not authorized
2026-04-20 22:58:48,678 - INFO - URLs de CSV carregadas de config_urls.py.
2026-04-20 22:58:49,466 - WARNING - Falha ao carregar autenticação: User not authorized
2026-04-20 22:58:49,857 - INFO - URLs de CSV carregadas de config_urls.py.
2026-04-20 22:58:51,448 - WARNING - Falha ao carregar autenticação: User not authorized
2026-04-20 22:58:51,883 - INFO - URLs de CSV carregadas de config_urls.py.
2026-04-20 22:58:52,128 - WARNING - Falha ao carregar autenticação: User not authorized
2026-04-20 22:58:52,512 - INFO - URLs de CSV carregadas de config_urls.py.
2026-04-20 22:58:53,615 - WARNING - Falha ao carregar autenticação: User not authorized
2026-04-20 22:58:54,011 - INFO - URLs de CSV carregadas de config_urls.py.
2026-04-20 22:58:54,737 - WARNING - Falha ao carregar autenticação: User not authorized
2026-04-20 22:58:55,137 - INFO - URLs de CSV carregadas de config_urls.py.
2026-04-20 22:58:56,565 - WARNING - Falha ao carregar autenticação: User not authorized
2026-04-20 22:58:56,969 - INFO - URLs de CSV carregadas de config_urls.py.
2026-04-20 22:58:57,793 - WARNING - Falha ao carregar autenticação: User not authorized
2026-04-20 22:58:58,205 - INFO - URLs de CSV carregadas de config_urls.py.
2026-04-20 22:58:59,111 - WARNING - Falha ao carregar autenticação: User not authorized
2026-04-20 22:58:59,518 - INFO - URLs de CSV carregadas de config_urls.py.
2026-04-20 22:59:00,652 - WARNING - Falha ao carregar autenticação: User not authorized
2026-04-20 22:59:01,055 - INFO - URLs de CSV carregadas de config_urls.py.
2026-04-20 22:59:01,487 - WARNING - Falha ao carregar autenticação: User not authorized
2026-04-20 22:59:01,863 - INFO - URLs de CSV carregadas de config_urls.py.
